<?xml version="1.0" encoding="UTF-8"?>
<!-- Generated by org.testng.reporters.JUnitReportReporter -->
<testsuite skipped="0" hostname="k2annex03" name="com.qa.test.Cam" tests="1" failures="0" timestamp="24 Dec 2018 06:17:26 GMT" time="2.513" errors="0">
  <testcase name="Login" time="2.513" classname="com.qa.test.Cam"/>
</testsuite> <!-- com.qa.test.Cam -->
